c:\users\dks\source\repos\gymmanagement\gymmanagement\x64\debug\vc143.pdb
c:\users\dks\source\repos\gymmanagement\gymmanagement\x64\debug\vc143.idb
c:\users\dks\source\repos\gymmanagement\gymmanagement\x64\debug\workout.obj
c:\users\dks\source\repos\gymmanagement\gymmanagement\x64\debug\user.obj
c:\users\dks\source\repos\gymmanagement\gymmanagement\x64\debug\trainer.obj
c:\users\dks\source\repos\gymmanagement\gymmanagement\x64\debug\statistics.obj
c:\users\dks\source\repos\gymmanagement\gymmanagement\x64\debug\payment.obj
c:\users\dks\source\repos\gymmanagement\gymmanagement\x64\debug\member.obj
c:\users\dks\source\repos\gymmanagement\gymmanagement\x64\debug\gymmanagement.obj
c:\users\dks\source\repos\gymmanagement\gymmanagement\x64\debug\diet.obj
c:\users\dks\source\repos\gymmanagement\gymmanagement\x64\debug\class.obj
c:\users\dks\source\repos\gymmanagement\gymmanagement\x64\debug\bmi.obj
c:\users\dks\source\repos\gymmanagement\gymmanagement\x64\debug\progress.obj
c:\users\dks\source\repos\gymmanagement\gymmanagement\x64\debug\gymmanagement.ilk
c:\users\dks\source\repos\gymmanagement\x64\debug\gymmanagement.pdb
c:\users\dks\source\repos\gymmanagement\gymmanagement\x64\debug\gymmanagement.tlog\cl.command.1.tlog
c:\users\dks\source\repos\gymmanagement\gymmanagement\x64\debug\gymmanagement.tlog\cl.items.tlog
c:\users\dks\source\repos\gymmanagement\gymmanagement\x64\debug\gymmanagement.tlog\cl.read.1.tlog
c:\users\dks\source\repos\gymmanagement\gymmanagement\x64\debug\gymmanagement.tlog\cl.write.1.tlog
c:\users\dks\source\repos\gymmanagement\gymmanagement\x64\debug\gymmanagement.tlog\link.25640-cvtres.read.1.tlog
c:\users\dks\source\repos\gymmanagement\gymmanagement\x64\debug\gymmanagement.tlog\link.25640-cvtres.write.1.tlog
c:\users\dks\source\repos\gymmanagement\gymmanagement\x64\debug\gymmanagement.tlog\link.25640-rc.read.1.tlog
c:\users\dks\source\repos\gymmanagement\gymmanagement\x64\debug\gymmanagement.tlog\link.25640-rc.write.1.tlog
c:\users\dks\source\repos\gymmanagement\gymmanagement\x64\debug\gymmanagement.tlog\link.25640.read.1.tlog
c:\users\dks\source\repos\gymmanagement\gymmanagement\x64\debug\gymmanagement.tlog\link.25640.read.2.tlog
c:\users\dks\source\repos\gymmanagement\gymmanagement\x64\debug\gymmanagement.tlog\link.25640.read.3.tlog
c:\users\dks\source\repos\gymmanagement\gymmanagement\x64\debug\gymmanagement.tlog\link.25640.read.4.tlog
c:\users\dks\source\repos\gymmanagement\gymmanagement\x64\debug\gymmanagement.tlog\link.25640.read.5.tlog
c:\users\dks\source\repos\gymmanagement\gymmanagement\x64\debug\gymmanagement.tlog\link.25640.write.1.tlog
c:\users\dks\source\repos\gymmanagement\gymmanagement\x64\debug\gymmanagement.tlog\link.command.1.tlog
c:\users\dks\source\repos\gymmanagement\gymmanagement\x64\debug\gymmanagement.tlog\link.read.1.tlog
c:\users\dks\source\repos\gymmanagement\gymmanagement\x64\debug\gymmanagement.tlog\link.secondary.1.tlog
c:\users\dks\source\repos\gymmanagement\gymmanagement\x64\debug\gymmanagement.tlog\link.write.1.tlog
